<?xml version="1.0" encoding="UTF-8"?>
<testsuite xmlns:xsi="http://www.w3.org/2001/XMLSchema-instance" xsi:noNamespaceSchemaLocation="https://maven.apache.org/surefire/maven-surefire-plugin/xsd/surefire-test-report-3.0.xsd" version="3.0" name="runner.TestRunner" time="18.831" tests="3" errors="1" skipped="0" failures="0">
  <properties>
[...]
</properties>
  <testcase name="Validate general user is able to view products without loggin in" classname="General View" time="0.406">
    <error message="The step &apos;User navigates to Online product page&apos; is undefined.&#10;You can implement this step using the snippet(s) below:&#10;&#10;@Given(&quot;User navigates to Online product page&quot;)&#10;public void user_navigates_to_online_product_page() {&#10;    // Write code here that turns the phrase above into concrete actions&#10;    throw new io.cucumber.java.PendingException();&#10;}&#10;" type="io.cucumber.junit.UndefinedStepException"><![CDATA[io.cucumber.junit.UndefinedStepException: 
The step 'User navigates to Online product page' is undefined.
You can implement this step using the snippet(s) below:

@Given("User navigates to Online product page")
public void user_navigates_to_online_product_page() {
    // Write code here that turns the phrase above into concrete actions
    throw new io.cucumber.java.PendingException();
}

]]></error>
    <system-out><![CDATA[
Scenario: Validate general user is able to view products without loggin in &amp#27;[90m# src/test/java/features/GeneralUserView.feature:3&amp#27;[0m
  &amp#27;[33mGiven &amp#27;[0m&amp#27;[33mUser navigates to Online product page&amp#27;[0m                              &amp#27;[90m# null&amp#27;[0m
  &amp#27;[36mWhen &amp#27;[0m&amp#27;[36mUser clicks on Formal Shoes drop down&amp#27;[0m                               &amp#27;[90m# stepDefinition.OnlineProductsPage.user_clicks_on_Formal_Shoes_drop_down()&amp#27;[0m
  &amp#27;[36mThen &amp#27;[0m&amp#27;[36mUser should be able to view the Products&amp#27;[0m                            &amp#27;[90m# stepDefinition.RegistrationPage.user_should_be_able_to_view_the_Products()&amp#27;[0m
]]></system-out>
  </testcase>
  <testcase name="Validate user is able to view after Login" classname="LoggedIn User View" time="9.344">
    <system-out><![CDATA[
Scenario: Validate user is able to view after Login          &amp#27;[90m# src/test/java/features/LoggedIn.feature:3&amp#27;[0m
  &amp#27;[32mGiven &amp#27;[0m&amp#27;[32mUser navigates to the Login page&amp#27;[0m                     &amp#27;[90m# stepDefinition.HomePage.user_navigates_to_the_Login_page()&amp#27;[0m
  &amp#27;[32mWhen &amp#27;[0m&amp#27;[32mUser successfully enters the log in details&amp#27;[0m           &amp#27;[90m# stepDefinition.LoginPage.user_enters_logIn_details()&amp#27;[0m
  &amp#27;[32mThen &amp#27;[0m&amp#27;[32mUser should be able to view the product category page&amp#27;[0m &amp#27;[90m# stepDefinition.LoggedInPage.use_should_be_able_to_view_the_product_category_page()&amp#27;[0m
]]></system-out>
    <system-err><![CDATA[SLF4J(W): No SLF4J providers were found.
SLF4J(W): Defaulting to no-operation (NOP) logger implementation
SLF4J(W): See https://www.slf4j.org/codes.html#noProviders for further details.
mar 06, 2025 3:21:56 DA TARDE org.openqa.selenium.devtools.CdpVersionFinder findNearestMatch
WARNING: Unable to find an exact match for CDP version 133, returning the closest version; found: 132; Please update to a Selenium version that supports CDP version 133
]]></system-err>
  </testcase>
  <testcase name="Validate new users is able to view after clicking on new Registration" classname="New user Registration View" time="7.471">
    <system-out><![CDATA[
Scenario: Validate new users is able to view after clicking on new Registration &amp#27;[90m# src/test/java/features/NewUserRegistration.feature:3&amp#27;[0m
  &amp#27;[32mGiven &amp#27;[0m&amp#27;[32mUser navigates to the Login page&amp#27;[0m                                        &amp#27;[90m# stepDefinition.HomePage.user_navigates_to_the_Login_page()&amp#27;[0m
  &amp#27;[32mWhen &amp#27;[0m&amp#27;[32mUser clicks the registration button&amp#27;[0m                                      &amp#27;[90m# stepDefinition.LoginPage.user_clicks_the_registration_button()&amp#27;[0m
  &amp#27;[32mThen &amp#27;[0m&amp#27;[32mUser should be able to view the Registration page&amp#27;[0m                        &amp#27;[90m# stepDefinition.RegistrationPage.user_should_be_able_to_view_the_registration_page()&amp#27;[0m
]]></system-out>
    <system-err><![CDATA[mar 06, 2025 3:22:03 DA TARDE org.openqa.selenium.devtools.CdpVersionFinder findNearestMatch
WARNING: Unable to find an exact match for CDP version 133, returning the closest version; found: 132; Please update to a Selenium version that supports CDP version 133
]]></system-err>
  </testcase>
</testsuite>